  controleur.cpp
  decor.cpp
c:\users\darkt\documents\github\jeux-d-chec\a montrer au prof\decor.cpp(38): error C2065: 'rang_1' : identificateur non déclaré
c:\users\darkt\documents\github\jeux-d-chec\a montrer au prof\decor.cpp(38): error C2664: 'void sf::Transformable::setPosition(const sf::Vector2f &)' : impossible de convertir l'argument 1 de 'double' en 'const sf::Vector2f &'
  c:\users\darkt\documents\github\jeux-d-chec\a montrer au prof\decor.cpp(38): note: Raison : impossible de convertir de 'double' en 'const sf::Vector2f'
  c:\users\darkt\documents\github\jeux-d-chec\a montrer au prof\decor.cpp(38): note: Aucun constructeur n'a pu prendre le type de source, ou la résolution de la surcharge du constructeur était ambiguë
c:\users\darkt\documents\github\jeux-d-chec\a montrer au prof\decor.cpp(39): error C2065: 'rang_1' : identificateur non déclaré
c:\users\darkt\documents\github\jeux-d-chec\a montrer au prof\decor.cpp(39): error C2664: 'void sf::Transformable::setPosition(const sf::Vector2f &)' : impossible de convertir l'argument 1 de 'double' en 'const sf::Vector2f &'
  c:\users\darkt\documents\github\jeux-d-chec\a montrer au prof\decor.cpp(39): note: Raison : impossible de convertir de 'double' en 'const sf::Vector2f'
  c:\users\darkt\documents\github\jeux-d-chec\a montrer au prof\decor.cpp(39): note: Aucun constructeur n'a pu prendre le type de source, ou la résolution de la surcharge du constructeur était ambiguë
c:\users\darkt\documents\github\jeux-d-chec\a montrer au prof\decor.cpp(40): error C2065: 'rang_1' : identificateur non déclaré
c:\users\darkt\documents\github\jeux-d-chec\a montrer au prof\decor.cpp(40): error C2664: 'void sf::Transformable::setPosition(const sf::Vector2f &)' : impossible de convertir l'argument 1 de 'double' en 'const sf::Vector2f &'
  c:\users\darkt\documents\github\jeux-d-chec\a montrer au prof\decor.cpp(40): note: Raison : impossible de convertir de 'double' en 'const sf::Vector2f'
  c:\users\darkt\documents\github\jeux-d-chec\a montrer au prof\decor.cpp(40): note: Aucun constructeur n'a pu prendre le type de source, ou la résolution de la surcharge du constructeur était ambiguë
c:\users\darkt\documents\github\jeux-d-chec\a montrer au prof\decor.cpp(41): error C2065: 'rang_1' : identificateur non déclaré
c:\users\darkt\documents\github\jeux-d-chec\a montrer au prof\decor.cpp(41): error C2664: 'void sf::Transformable::setPosition(const sf::Vector2f &)' : impossible de convertir l'argument 1 de 'double' en 'const sf::Vector2f &'
  c:\users\darkt\documents\github\jeux-d-chec\a montrer au prof\decor.cpp(41): note: Raison : impossible de convertir de 'double' en 'const sf::Vector2f'
  c:\users\darkt\documents\github\jeux-d-chec\a montrer au prof\decor.cpp(41): note: Aucun constructeur n'a pu prendre le type de source, ou la résolution de la surcharge du constructeur était ambiguë
c:\users\darkt\documents\github\jeux-d-chec\a montrer au prof\decor.cpp(42): error C2065: 'rang_1' : identificateur non déclaré
c:\users\darkt\documents\github\jeux-d-chec\a montrer au prof\decor.cpp(42): error C2664: 'void sf::Transformable::setPosition(const sf::Vector2f &)' : impossible de convertir l'argument 1 de 'double' en 'const sf::Vector2f &'
  c:\users\darkt\documents\github\jeux-d-chec\a montrer au prof\decor.cpp(42): note: Raison : impossible de convertir de 'double' en 'const sf::Vector2f'
  c:\users\darkt\documents\github\jeux-d-chec\a montrer au prof\decor.cpp(42): note: Aucun constructeur n'a pu prendre le type de source, ou la résolution de la surcharge du constructeur était ambiguë
c:\users\darkt\documents\github\jeux-d-chec\a montrer au prof\decor.cpp(43): error C2065: 'rang_2' : identificateur non déclaré
c:\users\darkt\documents\github\jeux-d-chec\a montrer au prof\decor.cpp(43): error C2664: 'void sf::Transformable::setPosition(const sf::Vector2f &)' : impossible de convertir l'argument 1 de 'double' en 'const sf::Vector2f &'
  c:\users\darkt\documents\github\jeux-d-chec\a montrer au prof\decor.cpp(43): note: Raison : impossible de convertir de 'double' en 'const sf::Vector2f'
  c:\users\darkt\documents\github\jeux-d-chec\a montrer au prof\decor.cpp(43): note: Aucun constructeur n'a pu prendre le type de source, ou la résolution de la surcharge du constructeur était ambiguë
c:\users\darkt\documents\github\jeux-d-chec\a montrer au prof\decor.cpp(44): error C2065: 'rang_2' : identificateur non déclaré
c:\users\darkt\documents\github\jeux-d-chec\a montrer au prof\decor.cpp(44): error C2664: 'void sf::Transformable::setPosition(const sf::Vector2f &)' : impossible de convertir l'argument 1 de 'double' en 'const sf::Vector2f &'
  c:\users\darkt\documents\github\jeux-d-chec\a montrer au prof\decor.cpp(44): note: Raison : impossible de convertir de 'double' en 'const sf::Vector2f'
  c:\users\darkt\documents\github\jeux-d-chec\a montrer au prof\decor.cpp(44): note: Aucun constructeur n'a pu prendre le type de source, ou la résolution de la surcharge du constructeur était ambiguë
c:\users\darkt\documents\github\jeux-d-chec\a montrer au prof\decor.cpp(45): error C2065: 'rang_2' : identificateur non déclaré
c:\users\darkt\documents\github\jeux-d-chec\a montrer au prof\decor.cpp(45): error C2664: 'void sf::Transformable::setPosition(const sf::Vector2f &)' : impossible de convertir l'argument 1 de 'double' en 'const sf::Vector2f &'
  c:\users\darkt\documents\github\jeux-d-chec\a montrer au prof\decor.cpp(45): note: Raison : impossible de convertir de 'double' en 'const sf::Vector2f'
  c:\users\darkt\documents\github\jeux-d-chec\a montrer au prof\decor.cpp(45): note: Aucun constructeur n'a pu prendre le type de source, ou la résolution de la surcharge du constructeur était ambiguë
c:\users\darkt\documents\github\jeux-d-chec\a montrer au prof\decor.cpp(46): error C2065: 'rang_2' : identificateur non déclaré
c:\users\darkt\documents\github\jeux-d-chec\a montrer au prof\decor.cpp(46): error C2664: 'void sf::Transformable::setPosition(const sf::Vector2f &)' : impossible de convertir l'argument 1 de 'double' en 'const sf::Vector2f &'
  c:\users\darkt\documents\github\jeux-d-chec\a montrer au prof\decor.cpp(46): note: Raison : impossible de convertir de 'double' en 'const sf::Vector2f'
  c:\users\darkt\documents\github\jeux-d-chec\a montrer au prof\decor.cpp(46): note: Aucun constructeur n'a pu prendre le type de source, ou la résolution de la surcharge du constructeur était ambiguë
c:\users\darkt\documents\github\jeux-d-chec\a montrer au prof\decor.cpp(47): error C2065: 'rang_2' : identificateur non déclaré
c:\users\darkt\documents\github\jeux-d-chec\a montrer au prof\decor.cpp(47): error C2664: 'void sf::Transformable::setPosition(const sf::Vector2f &)' : impossible de convertir l'argument 1 de 'double' en 'const sf::Vector2f &'
  c:\users\darkt\documents\github\jeux-d-chec\a montrer au prof\decor.cpp(47): note: Raison : impossible de convertir de 'double' en 'const sf::Vector2f'
  c:\users\darkt\documents\github\jeux-d-chec\a montrer au prof\decor.cpp(47): note: Aucun constructeur n'a pu prendre le type de source, ou la résolution de la surcharge du constructeur était ambiguë
c:\users\darkt\documents\github\jeux-d-chec\a montrer au prof\decor.cpp(48): error C2065: 'rang_3' : identificateur non déclaré
c:\users\darkt\documents\github\jeux-d-chec\a montrer au prof\decor.cpp(48): error C2664: 'void sf::Transformable::setPosition(const sf::Vector2f &)' : impossible de convertir l'argument 1 de 'double' en 'const sf::Vector2f &'
  c:\users\darkt\documents\github\jeux-d-chec\a montrer au prof\decor.cpp(48): note: Raison : impossible de convertir de 'double' en 'const sf::Vector2f'
  c:\users\darkt\documents\github\jeux-d-chec\a montrer au prof\decor.cpp(48): note: Aucun constructeur n'a pu prendre le type de source, ou la résolution de la surcharge du constructeur était ambiguë
c:\users\darkt\documents\github\jeux-d-chec\a montrer au prof\decor.cpp(49): error C2065: 'rang_3' : identificateur non déclaré
c:\users\darkt\documents\github\jeux-d-chec\a montrer au prof\decor.cpp(49): error C2664: 'void sf::Transformable::setPosition(const sf::Vector2f &)' : impossible de convertir l'argument 1 de 'double' en 'const sf::Vector2f &'
  c:\users\darkt\documents\github\jeux-d-chec\a montrer au prof\decor.cpp(49): note: Raison : impossible de convertir de 'double' en 'const sf::Vector2f'
  c:\users\darkt\documents\github\jeux-d-chec\a montrer au prof\decor.cpp(49): note: Aucun constructeur n'a pu prendre le type de source, ou la résolution de la surcharge du constructeur était ambiguë
c:\users\darkt\documents\github\jeux-d-chec\a montrer au prof\decor.cpp(50): error C2065: 'rang_3' : identificateur non déclaré
c:\users\darkt\documents\github\jeux-d-chec\a montrer au prof\decor.cpp(50): error C2664: 'void sf::Transformable::setPosition(const sf::Vector2f &)' : impossible de convertir l'argument 1 de 'double' en 'const sf::Vector2f &'
  c:\users\darkt\documents\github\jeux-d-chec\a montrer au prof\decor.cpp(50): note: Raison : impossible de convertir de 'double' en 'const sf::Vector2f'
  c:\users\darkt\documents\github\jeux-d-chec\a montrer au prof\decor.cpp(50): note: Aucun constructeur n'a pu prendre le type de source, ou la résolution de la surcharge du constructeur était ambiguë
c:\users\darkt\documents\github\jeux-d-chec\a montrer au prof\decor.cpp(51): error C2065: 'rang_3' : identificateur non déclaré
c:\users\darkt\documents\github\jeux-d-chec\a montrer au prof\decor.cpp(51): error C2664: 'void sf::Transformable::setPosition(const sf::Vector2f &)' : impossible de convertir l'argument 1 de 'double' en 'const sf::Vector2f &'
  c:\users\darkt\documents\github\jeux-d-chec\a montrer au prof\decor.cpp(51): note: Raison : impossible de convertir de 'double' en 'const sf::Vector2f'
  c:\users\darkt\documents\github\jeux-d-chec\a montrer au prof\decor.cpp(51): note: Aucun constructeur n'a pu prendre le type de source, ou la résolution de la surcharge du constructeur était ambiguë
c:\users\darkt\documents\github\jeux-d-chec\a montrer au prof\decor.cpp(52): error C2065: 'rang_3' : identificateur non déclaré
c:\users\darkt\documents\github\jeux-d-chec\a montrer au prof\decor.cpp(52): error C2664: 'void sf::Transformable::setPosition(const sf::Vector2f &)' : impossible de convertir l'argument 1 de 'double' en 'const sf::Vector2f &'
  c:\users\darkt\documents\github\jeux-d-chec\a montrer au prof\decor.cpp(52): note: Raison : impossible de convertir de 'double' en 'const sf::Vector2f'
  c:\users\darkt\documents\github\jeux-d-chec\a montrer au prof\decor.cpp(52): note: Aucun constructeur n'a pu prendre le type de source, ou la résolution de la surcharge du constructeur était ambiguë
c:\users\darkt\documents\github\jeux-d-chec\a montrer au prof\decor.cpp(53): error C2065: 'rang_4' : identificateur non déclaré
c:\users\darkt\documents\github\jeux-d-chec\a montrer au prof\decor.cpp(53): error C2664: 'void sf::Transformable::setPosition(const sf::Vector2f &)' : impossible de convertir l'argument 1 de 'double' en 'const sf::Vector2f &'
  c:\users\darkt\documents\github\jeux-d-chec\a montrer au prof\decor.cpp(53): note: Raison : impossible de convertir de 'double' en 'const sf::Vector2f'
  c:\users\darkt\documents\github\jeux-d-chec\a montrer au prof\decor.cpp(53): note: Aucun constructeur n'a pu prendre le type de source, ou la résolution de la surcharge du constructeur était ambiguë
c:\users\darkt\documents\github\jeux-d-chec\a montrer au prof\decor.cpp(54): error C2065: 'rang_4' : identificateur non déclaré
c:\users\darkt\documents\github\jeux-d-chec\a montrer au prof\decor.cpp(54): error C2664: 'void sf::Transformable::setPosition(const sf::Vector2f &)' : impossible de convertir l'argument 1 de 'double' en 'const sf::Vector2f &'
  c:\users\darkt\documents\github\jeux-d-chec\a montrer au prof\decor.cpp(54): note: Raison : impossible de convertir de 'double' en 'const sf::Vector2f'
  c:\users\darkt\documents\github\jeux-d-chec\a montrer au prof\decor.cpp(54): note: Aucun constructeur n'a pu prendre le type de source, ou la résolution de la surcharge du constructeur était ambiguë
c:\users\darkt\documents\github\jeux-d-chec\a montrer au prof\decor.cpp(55): error C2065: 'rang_4' : identificateur non déclaré
c:\users\darkt\documents\github\jeux-d-chec\a montrer au prof\decor.cpp(55): error C2664: 'void sf::Transformable::setPosition(const sf::Vector2f &)' : impossible de convertir l'argument 1 de 'double' en 'const sf::Vector2f &'
  c:\users\darkt\documents\github\jeux-d-chec\a montrer au prof\decor.cpp(55): note: Raison : impossible de convertir de 'double' en 'const sf::Vector2f'
  c:\users\darkt\documents\github\jeux-d-chec\a montrer au prof\decor.cpp(55): note: Aucun constructeur n'a pu prendre le type de source, ou la résolution de la surcharge du constructeur était ambiguë
c:\users\darkt\documents\github\jeux-d-chec\a montrer au prof\decor.cpp(56): error C2065: 'rang_4' : identificateur non déclaré
c:\users\darkt\documents\github\jeux-d-chec\a montrer au prof\decor.cpp(56): error C2664: 'void sf::Transformable::setPosition(const sf::Vector2f &)' : impossible de convertir l'argument 1 de 'double' en 'const sf::Vector2f &'
  c:\users\darkt\documents\github\jeux-d-chec\a montrer au prof\decor.cpp(56): note: Raison : impossible de convertir de 'double' en 'const sf::Vector2f'
  c:\users\darkt\documents\github\jeux-d-chec\a montrer au prof\decor.cpp(56): note: Aucun constructeur n'a pu prendre le type de source, ou la résolution de la surcharge du constructeur était ambiguë
c:\users\darkt\documents\github\jeux-d-chec\a montrer au prof\decor.cpp(57): error C2065: 'rang_4' : identificateur non déclaré
c:\users\darkt\documents\github\jeux-d-chec\a montrer au prof\decor.cpp(57): error C2664: 'void sf::Transformable::setPosition(const sf::Vector2f &)' : impossible de convertir l'argument 1 de 'double' en 'const sf::Vector2f &'
  c:\users\darkt\documents\github\jeux-d-chec\a montrer au prof\decor.cpp(57): note: Raison : impossible de convertir de 'double' en 'const sf::Vector2f'
  c:\users\darkt\documents\github\jeux-d-chec\a montrer au prof\decor.cpp(57): note: Aucun constructeur n'a pu prendre le type de source, ou la résolution de la surcharge du constructeur était ambiguë
c:\users\darkt\documents\github\jeux-d-chec\a montrer au prof\decor.cpp(59): error C2065: 'rang_7' : identificateur non déclaré
c:\users\darkt\documents\github\jeux-d-chec\a montrer au prof\decor.cpp(59): error C2664: 'void sf::Transformable::setPosition(const sf::Vector2f &)' : impossible de convertir l'argument 1 de 'double' en 'const sf::Vector2f &'
  c:\users\darkt\documents\github\jeux-d-chec\a montrer au prof\decor.cpp(59): note: Raison : impossible de convertir de 'double' en 'const sf::Vector2f'
  c:\users\darkt\documents\github\jeux-d-chec\a montrer au prof\decor.cpp(59): note: Aucun constructeur n'a pu prendre le type de source, ou la résolution de la surcharge du constructeur était ambiguë
c:\users\darkt\documents\github\jeux-d-chec\a montrer au prof\decor.cpp(60): error C2065: 'rang_7' : identificateur non déclaré
c:\users\darkt\documents\github\jeux-d-chec\a montrer au prof\decor.cpp(60): error C2664: 'void sf::Transformable::setPosition(const sf::Vector2f &)' : impossible de convertir l'argument 1 de 'double' en 'const sf::Vector2f &'
  c:\users\darkt\documents\github\jeux-d-chec\a montrer au prof\decor.cpp(60): note: Raison : impossible de convertir de 'double' en 'const sf::Vector2f'
  c:\users\darkt\documents\github\jeux-d-chec\a montrer au prof\decor.cpp(60): note: Aucun constructeur n'a pu prendre le type de source, ou la résolution de la surcharge du constructeur était ambiguë
c:\users\darkt\documents\github\jeux-d-chec\a montrer au prof\decor.cpp(61): error C2065: 'rang_7' : identificateur non déclaré
c:\users\darkt\documents\github\jeux-d-chec\a montrer au prof\decor.cpp(61): error C2664: 'void sf::Transformable::setPosition(const sf::Vector2f &)' : impossible de convertir l'argument 1 de 'double' en 'const sf::Vector2f &'
  c:\users\darkt\documents\github\jeux-d-chec\a montrer au prof\decor.cpp(61): note: Raison : impossible de convertir de 'double' en 'const sf::Vector2f'
  c:\users\darkt\documents\github\jeux-d-chec\a montrer au prof\decor.cpp(61): note: Aucun constructeur n'a pu prendre le type de source, ou la résolution de la surcharge du constructeur était ambiguë
c:\users\darkt\documents\github\jeux-d-chec\a montrer au prof\decor.cpp(62): error C2065: 'rang_7' : identificateur non déclaré
c:\users\darkt\documents\github\jeux-d-chec\a montrer au prof\decor.cpp(62): error C2664: 'void sf::Transformable::setPosition(const sf::Vector2f &)' : impossible de convertir l'argument 1 de 'double' en 'const sf::Vector2f &'
  c:\users\darkt\documents\github\jeux-d-chec\a montrer au prof\decor.cpp(62): note: Raison : impossible de convertir de 'double' en 'const sf::Vector2f'
  c:\users\darkt\documents\github\jeux-d-chec\a montrer au prof\decor.cpp(62): note: Aucun constructeur n'a pu prendre le type de source, ou la résolution de la surcharge du constructeur était ambiguë
c:\users\darkt\documents\github\jeux-d-chec\a montrer au prof\decor.cpp(63): error C2065: 'rang_7' : identificateur non déclaré
c:\users\darkt\documents\github\jeux-d-chec\a montrer au prof\decor.cpp(63): error C2664: 'void sf::Transformable::setPosition(const sf::Vector2f &)' : impossible de convertir l'argument 1 de 'double' en 'const sf::Vector2f &'
  c:\users\darkt\documents\github\jeux-d-chec\a montrer au prof\decor.cpp(63): note: Raison : impossible de convertir de 'double' en 'const sf::Vector2f'
  c:\users\darkt\documents\github\jeux-d-chec\a montrer au prof\decor.cpp(63): note: Aucun constructeur n'a pu prendre le type de source, ou la résolution de la surcharge du constructeur était ambiguë
c:\users\darkt\documents\github\jeux-d-chec\a montrer au prof\decor.cpp(64): error C2065: 'rang_8' : identificateur non déclaré
c:\users\darkt\documents\github\jeux-d-chec\a montrer au prof\decor.cpp(64): error C2664: 'void sf::Transformable::setPosition(const sf::Vector2f &)' : impossible de convertir l'argument 1 de 'double' en 'const sf::Vector2f &'
  c:\users\darkt\documents\github\jeux-d-chec\a montrer au prof\decor.cpp(64): note: Raison : impossible de convertir de 'double' en 'const sf::Vector2f'
  c:\users\darkt\documents\github\jeux-d-chec\a montrer au prof\decor.cpp(64): note: Aucun constructeur n'a pu prendre le type de source, ou la résolution de la surcharge du constructeur était ambiguë
c:\users\darkt\documents\github\jeux-d-chec\a montrer au prof\decor.cpp(65): error C2065: 'rang_8' : identificateur non déclaré
c:\users\darkt\documents\github\jeux-d-chec\a montrer au prof\decor.cpp(65): error C2664: 'void sf::Transformable::setPosition(const sf::Vector2f &)' : impossible de convertir l'argument 1 de 'double' en 'const sf::Vector2f &'
  c:\users\darkt\documents\github\jeux-d-chec\a montrer au prof\decor.cpp(65): note: Raison : impossible de convertir de 'double' en 'const sf::Vector2f'
  c:\users\darkt\documents\github\jeux-d-chec\a montrer au prof\decor.cpp(65): note: Aucun constructeur n'a pu prendre le type de source, ou la résolution de la surcharge du constructeur était ambiguë
c:\users\darkt\documents\github\jeux-d-chec\a montrer au prof\decor.cpp(66): error C2065: 'rang_8' : identificateur non déclaré
c:\users\darkt\documents\github\jeux-d-chec\a montrer au prof\decor.cpp(66): error C2664: 'void sf::Transformable::setPosition(const sf::Vector2f &)' : impossible de convertir l'argument 1 de 'double' en 'const sf::Vector2f &'
  c:\users\darkt\documents\github\jeux-d-chec\a montrer au prof\decor.cpp(66): note: Raison : impossible de convertir de 'double' en 'const sf::Vector2f'
  c:\users\darkt\documents\github\jeux-d-chec\a montrer au prof\decor.cpp(66): note: Aucun constructeur n'a pu prendre le type de source, ou la résolution de la surcharge du constructeur était ambiguë
c:\users\darkt\documents\github\jeux-d-chec\a montrer au prof\decor.cpp(67): error C2065: 'rang_8' : identificateur non déclaré
c:\users\darkt\documents\github\jeux-d-chec\a montrer au prof\decor.cpp(67): error C2664: 'void sf::Transformable::setPosition(const sf::Vector2f &)' : impossible de convertir l'argument 1 de 'double' en 'const sf::Vector2f &'
  c:\users\darkt\documents\github\jeux-d-chec\a montrer au prof\decor.cpp(67): note: Raison : impossible de convertir de 'double' en 'const sf::Vector2f'
  c:\users\darkt\documents\github\jeux-d-chec\a montrer au prof\decor.cpp(67): note: Aucun constructeur n'a pu prendre le type de source, ou la résolution de la surcharge du constructeur était ambiguë
c:\users\darkt\documents\github\jeux-d-chec\a montrer au prof\decor.cpp(68): error C2065: 'rang_8' : identificateur non déclaré
c:\users\darkt\documents\github\jeux-d-chec\a montrer au prof\decor.cpp(68): error C2664: 'void sf::Transformable::setPosition(const sf::Vector2f &)' : impossible de convertir l'argument 1 de 'double' en 'const sf::Vector2f &'
  c:\users\darkt\documents\github\jeux-d-chec\a montrer au prof\decor.cpp(68): note: Raison : impossible de convertir de 'double' en 'const sf::Vector2f'
  c:\users\darkt\documents\github\jeux-d-chec\a montrer au prof\decor.cpp(68): note: Aucun constructeur n'a pu prendre le type de source, ou la résolution de la surcharge du constructeur était ambiguë
c:\users\darkt\documents\github\jeux-d-chec\a montrer au prof\decor.cpp(69): error C2065: 'rang_9' : identificateur non déclaré
c:\users\darkt\documents\github\jeux-d-chec\a montrer au prof\decor.cpp(69): error C2664: 'void sf::Transformable::setPosition(const sf::Vector2f &)' : impossible de convertir l'argument 1 de 'double' en 'const sf::Vector2f &'
  c:\users\darkt\documents\github\jeux-d-chec\a montrer au prof\decor.cpp(69): note: Raison : impossible de convertir de 'double' en 'const sf::Vector2f'
  c:\users\darkt\documents\github\jeux-d-chec\a montrer au prof\decor.cpp(69): note: Aucun constructeur n'a pu prendre le type de source, ou la résolution de la surcharge du constructeur était ambiguë
c:\users\darkt\documents\github\jeux-d-chec\a montrer au prof\decor.cpp(70): error C2065: 'rang_9' : identificateur non déclaré
c:\users\darkt\documents\github\jeux-d-chec\a montrer au prof\decor.cpp(70): error C2664: 'void sf::Transformable::setPosition(const sf::Vector2f &)' : impossible de convertir l'argument 1 de 'double' en 'const sf::Vector2f &'
  c:\users\darkt\documents\github\jeux-d-chec\a montrer au prof\decor.cpp(70): note: Raison : impossible de convertir de 'double' en 'const sf::Vector2f'
  c:\users\darkt\documents\github\jeux-d-chec\a montrer au prof\decor.cpp(70): note: Aucun constructeur n'a pu prendre le type de source, ou la résolution de la surcharge du constructeur était ambiguë
c:\users\darkt\documents\github\jeux-d-chec\a montrer au prof\decor.cpp(71): error C2065: 'rang_9' : identificateur non déclaré
c:\users\darkt\documents\github\jeux-d-chec\a montrer au prof\decor.cpp(71): error C2664: 'void sf::Transformable::setPosition(const sf::Vector2f &)' : impossible de convertir l'argument 1 de 'double' en 'const sf::Vector2f &'
  c:\users\darkt\documents\github\jeux-d-chec\a montrer au prof\decor.cpp(71): note: Raison : impossible de convertir de 'double' en 'const sf::Vector2f'
  c:\users\darkt\documents\github\jeux-d-chec\a montrer au prof\decor.cpp(71): note: Aucun constructeur n'a pu prendre le type de source, ou la résolution de la surcharge du constructeur était ambiguë
c:\users\darkt\documents\github\jeux-d-chec\a montrer au prof\decor.cpp(72): error C2065: 'rang_9' : identificateur non déclaré
c:\users\darkt\documents\github\jeux-d-chec\a montrer au prof\decor.cpp(72): error C2664: 'void sf::Transformable::setPosition(const sf::Vector2f &)' : impossible de convertir l'argument 1 de 'double' en 'const sf::Vector2f &'
  c:\users\darkt\documents\github\jeux-d-chec\a montrer au prof\decor.cpp(72): note: Raison : impossible de convertir de 'double' en 'const sf::Vector2f'
  c:\users\darkt\documents\github\jeux-d-chec\a montrer au prof\decor.cpp(72): note: Aucun constructeur n'a pu prendre le type de source, ou la résolution de la surcharge du constructeur était ambiguë
c:\users\darkt\documents\github\jeux-d-chec\a montrer au prof\decor.cpp(73): error C2065: 'rang_9' : identificateur non déclaré
c:\users\darkt\documents\github\jeux-d-chec\a montrer au prof\decor.cpp(73): error C2664: 'void sf::Transformable::setPosition(const sf::Vector2f &)' : impossible de convertir l'argument 1 de 'double' en 'const sf::Vector2f &'
  c:\users\darkt\documents\github\jeux-d-chec\a montrer au prof\decor.cpp(73): note: Raison : impossible de convertir de 'double' en 'const sf::Vector2f'
  c:\users\darkt\documents\github\jeux-d-chec\a montrer au prof\decor.cpp(73): note: Aucun constructeur n'a pu prendre le type de source, ou la résolution de la surcharge du constructeur était ambiguë
c:\users\darkt\documents\github\jeux-d-chec\a montrer au prof\decor.cpp(74): error C2065: 'rang_10' : identificateur non déclaré
c:\users\darkt\documents\github\jeux-d-chec\a montrer au prof\decor.cpp(74): error C2664: 'void sf::Transformable::setPosition(const sf::Vector2f &)' : impossible de convertir l'argument 1 de 'double' en 'const sf::Vector2f &'
  c:\users\darkt\documents\github\jeux-d-chec\a montrer au prof\decor.cpp(74): note: Raison : impossible de convertir de 'double' en 'const sf::Vector2f'
  c:\users\darkt\documents\github\jeux-d-chec\a montrer au prof\decor.cpp(74): note: Aucun constructeur n'a pu prendre le type de source, ou la résolution de la surcharge du constructeur était ambiguë
c:\users\darkt\documents\github\jeux-d-chec\a montrer au prof\decor.cpp(75): error C2065: 'rang_10' : identificateur non déclaré
c:\users\darkt\documents\github\jeux-d-chec\a montrer au prof\decor.cpp(75): error C2664: 'void sf::Transformable::setPosition(const sf::Vector2f &)' : impossible de convertir l'argument 1 de 'double' en 'const sf::Vector2f &'
  c:\users\darkt\documents\github\jeux-d-chec\a montrer au prof\decor.cpp(75): note: Raison : impossible de convertir de 'double' en 'const sf::Vector2f'
  c:\users\darkt\documents\github\jeux-d-chec\a montrer au prof\decor.cpp(75): note: Aucun constructeur n'a pu prendre le type de source, ou la résolution de la surcharge du constructeur était ambiguë
c:\users\darkt\documents\github\jeux-d-chec\a montrer au prof\decor.cpp(76): error C2065: 'rang_10' : identificateur non déclaré
c:\users\darkt\documents\github\jeux-d-chec\a montrer au prof\decor.cpp(76): error C2664: 'void sf::Transformable::setPosition(const sf::Vector2f &)' : impossible de convertir l'argument 1 de 'double' en 'const sf::Vector2f &'
  c:\users\darkt\documents\github\jeux-d-chec\a montrer au prof\decor.cpp(76): note: Raison : impossible de convertir de 'double' en 'const sf::Vector2f'
  c:\users\darkt\documents\github\jeux-d-chec\a montrer au prof\decor.cpp(76): note: Aucun constructeur n'a pu prendre le type de source, ou la résolution de la surcharge du constructeur était ambiguë
c:\users\darkt\documents\github\jeux-d-chec\a montrer au prof\decor.cpp(77): error C2065: 'rang_10' : identificateur non déclaré
c:\users\darkt\documents\github\jeux-d-chec\a montrer au prof\decor.cpp(77): error C2664: 'void sf::Transformable::setPosition(const sf::Vector2f &)' : impossible de convertir l'argument 1 de 'double' en 'const sf::Vector2f &'
  c:\users\darkt\documents\github\jeux-d-chec\a montrer au prof\decor.cpp(77): note: Raison : impossible de convertir de 'double' en 'const sf::Vector2f'
  c:\users\darkt\documents\github\jeux-d-chec\a montrer au prof\decor.cpp(77): note: Aucun constructeur n'a pu prendre le type de source, ou la résolution de la surcharge du constructeur était ambiguë
c:\users\darkt\documents\github\jeux-d-chec\a montrer au prof\decor.cpp(78): error C2065: 'rang_10' : identificateur non déclaré
c:\users\darkt\documents\github\jeux-d-chec\a montrer au prof\decor.cpp(78): error C2664: 'void sf::Transformable::setPosition(const sf::Vector2f &)' : impossible de convertir l'argument 1 de 'double' en 'const sf::Vector2f &'
  c:\users\darkt\documents\github\jeux-d-chec\a montrer au prof\decor.cpp(78): note: Raison : impossible de convertir de 'double' en 'const sf::Vector2f'
  c:\users\darkt\documents\github\jeux-d-chec\a montrer au prof\decor.cpp(78): note: Aucun constructeur n'a pu prendre le type de source, ou la résolution de la surcharge du constructeur était ambiguë
c:\users\darkt\documents\github\jeux-d-chec\a montrer au prof\decor.cpp(95): error C2065: 'pion_N_D' : identificateur non déclaré
c:\users\darkt\documents\github\jeux-d-chec\a montrer au prof\decor.cpp(103): error C2065: 'pion_B_D' : identificateur non déclaré
c:\users\darkt\documents\github\jeux-d-chec\a montrer au prof\decor.cpp(127): warning C4244: 'initialisation' : conversion de 'T' en 'int', perte possible de données
          with
          [
              T=float
          ]
c:\users\darkt\documents\github\jeux-d-chec\a montrer au prof\decor.cpp(128): warning C4244: 'initialisation' : conversion de 'T' en 'int', perte possible de données
          with
          [
              T=float
          ]
c:\users\darkt\documents\github\jeux-d-chec\a montrer au prof\decor.cpp(226): warning C4244: '=' : conversion de 'int' en 'T', perte possible de données
          with
          [
              T=float
          ]
c:\users\darkt\documents\github\jeux-d-chec\a montrer au prof\decor.cpp(227): warning C4244: '=' : conversion de 'int' en 'T', perte possible de données
          with
          [
              T=float
          ]
c:\users\darkt\documents\github\jeux-d-chec\a montrer au prof\decor.cpp(232): error C2065: 'pion_B_D' : identificateur non déclaré
c:\users\darkt\documents\github\jeux-d-chec\a montrer au prof\decor.cpp(241): warning C4244: 'initialisation' : conversion de 'T' en 'int', perte possible de données
          with
          [
              T=float
          ]
c:\users\darkt\documents\github\jeux-d-chec\a montrer au prof\decor.cpp(242): warning C4244: 'initialisation' : conversion de 'T' en 'int', perte possible de données
          with
          [
              T=float
          ]
c:\users\darkt\documents\github\jeux-d-chec\a montrer au prof\decor.cpp(482): warning C4244: '=' : conversion de 'int' en 'T', perte possible de données
          with
          [
              T=float
          ]
c:\users\darkt\documents\github\jeux-d-chec\a montrer au prof\decor.cpp(483): warning C4244: '=' : conversion de 'int' en 'T', perte possible de données
          with
          [
              T=float
          ]
c:\users\darkt\documents\github\jeux-d-chec\a montrer au prof\decor.cpp(499): warning C4244: 'initialisation' : conversion de 'T' en 'int', perte possible de données
          with
          [
              T=float
          ]
c:\users\darkt\documents\github\jeux-d-chec\a montrer au prof\decor.cpp(500): warning C4244: 'initialisation' : conversion de 'T' en 'int', perte possible de données
          with
          [
              T=float
          ]
c:\users\darkt\documents\github\jeux-d-chec\a montrer au prof\decor.cpp(554): warning C4244: '=' : conversion de 'int' en 'T', perte possible de données
          with
          [
              T=float
          ]
c:\users\darkt\documents\github\jeux-d-chec\a montrer au prof\decor.cpp(555): warning C4244: '=' : conversion de 'int' en 'T', perte possible de données
          with
          [
              T=float
          ]
c:\users\darkt\documents\github\jeux-d-chec\a montrer au prof\decor.cpp(562): error C2065: 'pion_B_D' : identificateur non déclaré
c:\users\darkt\documents\github\jeux-d-chec\a montrer au prof\decor.cpp(659): warning C4244: '=' : conversion de 'int' en 'T', perte possible de données
          with
          [
              T=float
          ]
c:\users\darkt\documents\github\jeux-d-chec\a montrer au prof\decor.cpp(660): warning C4244: '=' : conversion de 'int' en 'T', perte possible de données
          with
          [
              T=float
          ]
c:\users\darkt\documents\github\jeux-d-chec\a montrer au prof\decor.cpp(687): warning C4244: 'initialisation' : conversion de 'T' en 'int', perte possible de données
          with
          [
              T=float
          ]
c:\users\darkt\documents\github\jeux-d-chec\a montrer au prof\decor.cpp(688): warning C4244: 'initialisation' : conversion de 'T' en 'int', perte possible de données
          with
          [
              T=float
          ]
c:\users\darkt\documents\github\jeux-d-chec\a montrer au prof\decor.cpp(700): error C2065: 'pion_B_D' : identificateur non déclaré
c:\users\darkt\documents\github\jeux-d-chec\a montrer au prof\decor.cpp(715): error C2065: 'pion_N_D' : identificateur non déclaré
c:\users\darkt\documents\github\jeux-d-chec\a montrer au prof\decor.cpp(800): error C2065: 'pion_B_D' : identificateur non déclaré
c:\users\darkt\documents\github\jeux-d-chec\a montrer au prof\decor.cpp(860): warning C4267: 'initialisation' : conversion de 'size_t' en 'int', perte possible de données
c:\users\darkt\documents\github\jeux-d-chec\a montrer au prof\decor.cpp(1515): warning C4244: '=' : conversion de 'int' en 'T', perte possible de données
          with
          [
              T=float
          ]
c:\users\darkt\documents\github\jeux-d-chec\a montrer au prof\decor.cpp(1516): warning C4244: '=' : conversion de 'int' en 'T', perte possible de données
          with
          [
              T=float
          ]
c:\users\darkt\documents\github\jeux-d-chec\a montrer au prof\decor.cpp(1592): warning C4244: 'argument' : conversion de 'double' en 'float', perte possible de données
c:\users\darkt\documents\github\jeux-d-chec\a montrer au prof\decor.cpp(1615): warning C4244: 'argument' : conversion de 'double' en 'float', perte possible de données
  info.cpp
  joueur.cpp
c:\users\darkt\documents\github\jeux-d-chec\a montrer au prof\joueur.cpp(18): warning C4267: '=' : conversion de 'size_t' en 'int', perte possible de données
c:\users\darkt\documents\github\jeux-d-chec\a montrer au prof\joueur.cpp(31): warning C4267: '=' : conversion de 'size_t' en 'int', perte possible de données
c:\users\darkt\documents\github\jeux-d-chec\a montrer au prof\joueur.cpp(48): error C2065: 'pion_B_D' : identificateur non déclaré
c:\users\darkt\documents\github\jeux-d-chec\a montrer au prof\joueur.cpp(174): warning C4244: 'initialisation' : conversion de 'T' en 'int', perte possible de données
          with
          [
              T=float
          ]
c:\users\darkt\documents\github\jeux-d-chec\a montrer au prof\joueur.cpp(175): warning C4244: 'initialisation' : conversion de 'T' en 'int', perte possible de données
          with
          [
              T=float
          ]
c:\users\darkt\documents\github\jeux-d-chec\a montrer au prof\joueur.cpp(186): warning C4244: 'initialisation' : conversion de 'T' en 'int', perte possible de données
          with
          [
              T=float
          ]
c:\users\darkt\documents\github\jeux-d-chec\a montrer au prof\joueur.cpp(187): warning C4244: 'initialisation' : conversion de 'T' en 'int', perte possible de données
          with
          [
              T=float
          ]
c:\users\darkt\documents\github\jeux-d-chec\a montrer au prof\joueur.cpp(203): warning C4244: 'initialisation' : conversion de 'T' en 'int', perte possible de données
          with
          [
              T=float
          ]
c:\users\darkt\documents\github\jeux-d-chec\a montrer au prof\joueur.cpp(204): warning C4244: 'initialisation' : conversion de 'T' en 'int', perte possible de données
          with
          [
              T=float
          ]
c:\users\darkt\documents\github\jeux-d-chec\a montrer au prof\joueur.cpp(232): warning C4244: 'initialisation' : conversion de 'T' en 'int', perte possible de données
          with
          [
              T=float
          ]
c:\users\darkt\documents\github\jeux-d-chec\a montrer au prof\joueur.cpp(233): warning C4244: 'initialisation' : conversion de 'T' en 'int', perte possible de données
          with
          [
              T=float
          ]
c:\users\darkt\documents\github\jeux-d-chec\a montrer au prof\joueur.cpp(249): warning C4244: 'initialisation' : conversion de 'T' en 'int', perte possible de données
          with
          [
              T=float
          ]
c:\users\darkt\documents\github\jeux-d-chec\a montrer au prof\joueur.cpp(250): warning C4244: 'initialisation' : conversion de 'T' en 'int', perte possible de données
          with
          [
              T=float
          ]
c:\users\darkt\documents\github\jeux-d-chec\a montrer au prof\joueur.cpp(275): error C2065: 'pion_N_D' : identificateur non déclaré
c:\users\darkt\documents\github\jeux-d-chec\a montrer au prof\joueur.cpp(286): warning C4244: 'initialisation' : conversion de 'T' en 'int', perte possible de données
          with
          [
              T=float
          ]
c:\users\darkt\documents\github\jeux-d-chec\a montrer au prof\joueur.cpp(287): warning C4244: 'initialisation' : conversion de 'T' en 'int', perte possible de données
          with
          [
              T=float
          ]
c:\users\darkt\documents\github\jeux-d-chec\a montrer au prof\joueur.cpp(297): warning C4244: 'initialisation' : conversion de 'T' en 'int', perte possible de données
          with
          [
              T=float
          ]
c:\users\darkt\documents\github\jeux-d-chec\a montrer au prof\joueur.cpp(298): warning C4244: 'initialisation' : conversion de 'T' en 'int', perte possible de données
          with
          [
              T=float
          ]
c:\users\darkt\documents\github\jeux-d-chec\a montrer au prof\joueur.cpp(314): warning C4244: 'initialisation' : conversion de 'T' en 'int', perte possible de données
          with
          [
              T=float
          ]
c:\users\darkt\documents\github\jeux-d-chec\a montrer au prof\joueur.cpp(315): warning C4244: 'initialisation' : conversion de 'T' en 'int', perte possible de données
          with
          [
              T=float
          ]
c:\users\darkt\documents\github\jeux-d-chec\a montrer au prof\joueur.cpp(341): warning C4244: 'initialisation' : conversion de 'T' en 'int', perte possible de données
          with
          [
              T=float
          ]
c:\users\darkt\documents\github\jeux-d-chec\a montrer au prof\joueur.cpp(342): warning C4244: 'initialisation' : conversion de 'T' en 'int', perte possible de données
          with
          [
              T=float
          ]
c:\users\darkt\documents\github\jeux-d-chec\a montrer au prof\joueur.cpp(358): warning C4244: 'initialisation' : conversion de 'T' en 'int', perte possible de données
          with
          [
              T=float
          ]
c:\users\darkt\documents\github\jeux-d-chec\a montrer au prof\joueur.cpp(359): warning C4244: 'initialisation' : conversion de 'T' en 'int', perte possible de données
          with
          [
              T=float
          ]
c:\users\darkt\documents\github\jeux-d-chec\a montrer au prof\joueur.cpp(385): warning C4244: 'initialisation' : conversion de 'T' en 'int', perte possible de données
          with
          [
              T=float
          ]
c:\users\darkt\documents\github\jeux-d-chec\a montrer au prof\joueur.cpp(386): warning C4244: 'initialisation' : conversion de 'T' en 'int', perte possible de données
          with
          [
              T=float
          ]
c:\users\darkt\documents\github\jeux-d-chec\a montrer au prof\joueur.cpp(402): warning C4244: 'initialisation' : conversion de 'T' en 'int', perte possible de données
          with
          [
              T=float
          ]
c:\users\darkt\documents\github\jeux-d-chec\a montrer au prof\joueur.cpp(403): warning C4244: 'initialisation' : conversion de 'T' en 'int', perte possible de données
          with
          [
              T=float
          ]
c:\users\darkt\documents\github\jeux-d-chec\a montrer au prof\joueur.cpp(429): warning C4244: 'initialisation' : conversion de 'T' en 'int', perte possible de données
          with
          [
              T=float
          ]
c:\users\darkt\documents\github\jeux-d-chec\a montrer au prof\joueur.cpp(430): warning C4244: 'initialisation' : conversion de 'T' en 'int', perte possible de données
          with
          [
              T=float
          ]
c:\users\darkt\documents\github\jeux-d-chec\a montrer au prof\joueur.cpp(446): warning C4244: 'initialisation' : conversion de 'T' en 'int', perte possible de données
          with
          [
              T=float
          ]
c:\users\darkt\documents\github\jeux-d-chec\a montrer au prof\joueur.cpp(447): warning C4244: 'initialisation' : conversion de 'T' en 'int', perte possible de données
          with
          [
              T=float
          ]
c:\users\darkt\documents\github\jeux-d-chec\a montrer au prof\joueur.cpp(486): warning C4244: 'initialisation' : conversion de 'T' en 'int', perte possible de données
          with
          [
              T=float
          ]
c:\users\darkt\documents\github\jeux-d-chec\a montrer au prof\joueur.cpp(487): warning C4244: 'initialisation' : conversion de 'T' en 'int', perte possible de données
          with
          [
              T=float
          ]
c:\users\darkt\documents\github\jeux-d-chec\a montrer au prof\joueur.cpp(543): error C2065: 'pion_N_D' : identificateur non déclaré
c:\users\darkt\documents\github\jeux-d-chec\a montrer au prof\joueur.cpp(550): warning C4244: 'initialisation' : conversion de 'T' en 'int', perte possible de données
          with
          [
              T=float
          ]
c:\users\darkt\documents\github\jeux-d-chec\a montrer au prof\joueur.cpp(551): warning C4244: 'initialisation' : conversion de 'T' en 'int', perte possible de données
          with
          [
              T=float
          ]
c:\users\darkt\documents\github\jeux-d-chec\a montrer au prof\joueur.cpp(682): warning C4244: 'initialisation' : conversion de 'T' en 'int', perte possible de données
          with
          [
              T=float
          ]
c:\users\darkt\documents\github\jeux-d-chec\a montrer au prof\joueur.cpp(683): warning C4244: 'initialisation' : conversion de 'T' en 'int', perte possible de données
          with
          [
              T=float
          ]
c:\users\darkt\documents\github\jeux-d-chec\a montrer au prof\joueur.cpp(694): warning C4244: 'initialisation' : conversion de 'T' en 'int', perte possible de données
          with
          [
              T=float
          ]
c:\users\darkt\documents\github\jeux-d-chec\a montrer au prof\joueur.cpp(695): warning C4244: 'initialisation' : conversion de 'T' en 'int', perte possible de données
          with
          [
              T=float
          ]
c:\users\darkt\documents\github\jeux-d-chec\a montrer au prof\joueur.cpp(711): warning C4244: 'initialisation' : conversion de 'T' en 'int', perte possible de données
          with
          [
              T=float
          ]
c:\users\darkt\documents\github\jeux-d-chec\a montrer au prof\joueur.cpp(712): warning C4244: 'initialisation' : conversion de 'T' en 'int', perte possible de données
          with
          [
              T=float
          ]
c:\users\darkt\documents\github\jeux-d-chec\a montrer au prof\joueur.cpp(740): warning C4244: 'initialisation' : conversion de 'T' en 'int', perte possible de données
          with
          [
              T=float
          ]
c:\users\darkt\documents\github\jeux-d-chec\a montrer au prof\joueur.cpp(741): warning C4244: 'initialisation' : conversion de 'T' en 'int', perte possible de données
          with
          [
              T=float
          ]
c:\users\darkt\documents\github\jeux-d-chec\a montrer au prof\joueur.cpp(757): warning C4244: 'initialisation' : conversion de 'T' en 'int', perte possible de données
          with
          [
              T=float
          ]
c:\users\darkt\documents\github\jeux-d-chec\a montrer au prof\joueur.cpp(758): warning C4244: 'initialisation' : conversion de 'T' en 'int', perte possible de données
          with
          [
              T=float
          ]
c:\users\darkt\documents\github\jeux-d-chec\a montrer au prof\joueur.cpp(787): error C2065: 'pion_N_D' : identificateur non déclaré
c:\users\darkt\documents\github\jeux-d-chec\a montrer au prof\joueur.cpp(798): warning C4244: 'initialisation' : conversion de 'T' en 'int', perte possible de données
          with
          [
              T=float
          ]
c:\users\darkt\documents\github\jeux-d-chec\a montrer au prof\joueur.cpp(799): warning C4244: 'initialisation' : conversion de 'T' en 'int', perte possible de données
          with
          [
              T=float
          ]
c:\users\darkt\documents\github\jeux-d-chec\a montrer au prof\joueur.cpp(809): warning C4244: 'initialisation' : conversion de 'T' en 'int', perte possible de données
          with
          [
              T=float
          ]
c:\users\darkt\documents\github\jeux-d-chec\a montrer au prof\joueur.cpp(810): warning C4244: 'initialisation' : conversion de 'T' en 'int', perte possible de données
          with
          [
              T=float
          ]
c:\users\darkt\documents\github\jeux-d-chec\a montrer au prof\joueur.cpp(826): warning C4244: 'initialisation' : conversion de 'T' en 'int', perte possible de données
          with
          [
              T=float
          ]
c:\users\darkt\documents\github\jeux-d-chec\a montrer au prof\joueur.cpp(827): warning C4244: 'initialisation' : conversion de 'T' en 'int', perte possible de données
          with
          [
              T=float
          ]
c:\users\darkt\documents\github\jeux-d-chec\a montrer au prof\joueur.cpp(853): warning C4244: 'initialisation' : conversion de 'T' en 'int', perte possible de données
          with
          [
              T=float
          ]
c:\users\darkt\documents\github\jeux-d-chec\a montrer au prof\joueur.cpp(854): warning C4244: 'initialisation' : conversion de 'T' en 'int', perte possible de données
          with
          [
              T=float
          ]
c:\users\darkt\documents\github\jeux-d-chec\a montrer au prof\joueur.cpp(870): warning C4244: 'initialisation' : conversion de 'T' en 'int', perte possible de données
          with
          [
              T=float
          ]
c:\users\darkt\documents\github\jeux-d-chec\a montrer au prof\joueur.cpp(871): warning C4244: 'initialisation' : conversion de 'T' en 'int', perte possible de données
          with
          [
              T=float
          ]
c:\users\darkt\documents\github\jeux-d-chec\a montrer au prof\joueur.cpp(897): warning C4244: 'initialisation' : conversion de 'T' en 'int', perte possible de données
          with
          [
              T=float
          ]
c:\users\darkt\documents\github\jeux-d-chec\a montrer au prof\joueur.cpp(898): warning C4244: 'initialisation' : conversion de 'T' en 'int', perte possible de données
          with
          [
              T=float
          ]
c:\users\darkt\documents\github\jeux-d-chec\a montrer au prof\joueur.cpp(914): warning C4244: 'initialisation' : conversion de 'T' en 'int', perte possible de données
          with
          [
              T=float
          ]
c:\users\darkt\documents\github\jeux-d-chec\a montrer au prof\joueur.cpp(915): warning C4244: 'initialisation' : conversion de 'T' en 'int', perte possible de données
          with
          [
              T=float
          ]
c:\users\darkt\documents\github\jeux-d-chec\a montrer au prof\joueur.cpp(941): warning C4244: 'initialisation' : conversion de 'T' en 'int', perte possible de données
          with
          [
              T=float
          ]
c:\users\darkt\documents\github\jeux-d-chec\a montrer au prof\joueur.cpp(942): warning C4244: 'initialisation' : conversion de 'T' en 'int', perte possible de données
          with
          [
              T=float
          ]
c:\users\darkt\documents\github\jeux-d-chec\a montrer au prof\joueur.cpp(958): warning C4244: 'initialisation' : conversion de 'T' en 'int', perte possible de données
          with
          [
              T=float
          ]
c:\users\darkt\documents\github\jeux-d-chec\a montrer au prof\joueur.cpp(959): warning C4244: 'initialisation' : conversion de 'T' en 'int', perte possible de données
          with
          [
              T=float
          ]
c:\users\darkt\documents\github\jeux-d-chec\a montrer au prof\joueur.cpp(1002): warning C4244: 'initialisation' : conversion de 'T' en 'int', perte possible de données
          with
          [
              T=float
          ]
c:\users\darkt\documents\github\jeux-d-chec\a montrer au prof\joueur.cpp(1003): warning C4244: 'initialisation' : conversion de 'T' en 'int', perte possible de données
          with
          [
              T=float
          ]
c:\users\darkt\documents\github\jeux-d-chec\a montrer au prof\joueur.cpp(1061): warning C4244: '=' : conversion de 'double' en 'T', perte possible de données
          with
          [
              T=float
          ]
c:\users\darkt\documents\github\jeux-d-chec\a montrer au prof\joueur.cpp(1062): warning C4244: '=' : conversion de 'double' en 'T', perte possible de données
          with
          [
              T=float
          ]
c:\users\darkt\documents\github\jeux-d-chec\a montrer au prof\joueur.cpp(1068): error C2065: 'pion_N_D' : identificateur non déclaré
c:\users\darkt\documents\github\jeux-d-chec\a montrer au prof\joueur.cpp(1075): warning C4244: 'initialisation' : conversion de 'T' en 'int', perte possible de données
          with
          [
              T=float
          ]
c:\users\darkt\documents\github\jeux-d-chec\a montrer au prof\joueur.cpp(1076): warning C4244: 'initialisation' : conversion de 'T' en 'int', perte possible de données
          with
          [
              T=float
          ]
c:\users\darkt\documents\github\jeux-d-chec\a montrer au prof\joueur.cpp(1177): warning C4244: '=' : conversion de 'double' en 'T', perte possible de données
          with
          [
              T=float
          ]
c:\users\darkt\documents\github\jeux-d-chec\a montrer au prof\joueur.cpp(1178): warning C4244: '=' : conversion de 'double' en 'T', perte possible de données
          with
          [
              T=float
          ]
c:\users\darkt\documents\github\jeux-d-chec\a montrer au prof\joueur.cpp(1189): warning C4267: 'initialisation' : conversion de 'size_t' en 'int', perte possible de données
c:\users\darkt\documents\github\jeux-d-chec\a montrer au prof\joueur.cpp(1246): error C2065: 'pion_N_D' : identificateur non déclaré
c:\users\darkt\documents\github\jeux-d-chec\a montrer au prof\joueur.cpp(1267): warning C4244: 'argument' : conversion de 'double' en 'float', perte possible de données
c:\users\darkt\documents\github\jeux-d-chec\a montrer au prof\joueur.cpp(1290): warning C4244: 'initialisation' : conversion de 'T' en 'int', perte possible de données
          with
          [
              T=float
          ]
c:\users\darkt\documents\github\jeux-d-chec\a montrer au prof\joueur.cpp(1291): warning C4244: 'initialisation' : conversion de 'T' en 'int', perte possible de données
          with
          [
              T=float
          ]
c:\users\darkt\documents\github\jeux-d-chec\a montrer au prof\joueur.cpp(1348): warning C4244: 'argument' : conversion de 'double' en 'float', perte possible de données
c:\users\darkt\documents\github\jeux-d-chec\a montrer au prof\joueur.cpp(1355): warning C4244: 'argument' : conversion de 'double' en 'float', perte possible de données
c:\users\darkt\documents\github\jeux-d-chec\a montrer au prof\joueur.cpp(1365): warning C4244: 'argument' : conversion de 'double' en 'float', perte possible de données
c:\users\darkt\documents\github\jeux-d-chec\a montrer au prof\joueur.cpp(1372): warning C4244: 'argument' : conversion de 'double' en 'float', perte possible de données
c:\users\darkt\documents\github\jeux-d-chec\a montrer au prof\joueur.cpp(1397): warning C4244: 'argument' : conversion de 'double' en 'float', perte possible de données
c:\users\darkt\documents\github\jeux-d-chec\a montrer au prof\joueur.cpp(1398): warning C4553: '==' : résultat de l'expression non utilisé ; souhaitiez-vous utiliser '=' ?
c:\users\darkt\documents\github\jeux-d-chec\a montrer au prof\joueur.cpp(1422): warning C4244: 'initialisation' : conversion de 'T' en 'int', perte possible de données
          with
          [
              T=float
          ]
c:\users\darkt\documents\github\jeux-d-chec\a montrer au prof\joueur.cpp(1423): warning C4244: 'initialisation' : conversion de 'T' en 'int', perte possible de données
          with
          [
              T=float
          ]
c:\users\darkt\documents\github\jeux-d-chec\a montrer au prof\joueur.cpp(1524): warning C4244: 'argument' : conversion de 'double' en 'float', perte possible de données
c:\users\darkt\documents\github\jeux-d-chec\a montrer au prof\joueur.cpp(1531): warning C4244: 'argument' : conversion de 'double' en 'float', perte possible de données
c:\users\darkt\documents\github\jeux-d-chec\a montrer au prof\joueur.cpp(1538): warning C4244: 'argument' : conversion de 'double' en 'float', perte possible de données
c:\users\darkt\documents\github\jeux-d-chec\a montrer au prof\joueur.cpp(1545): warning C4244: 'argument' : conversion de 'double' en 'float', perte possible de données
c:\users\darkt\documents\github\jeux-d-chec\a montrer au prof\joueur.cpp(1555): warning C4244: 'argument' : conversion de 'double' en 'float', perte possible de données
c:\users\darkt\documents\github\jeux-d-chec\a montrer au prof\joueur.cpp(1562): warning C4244: 'argument' : conversion de 'double' en 'float', perte possible de données
c:\users\darkt\documents\github\jeux-d-chec\a montrer au prof\joueur.cpp(1573): warning C4244: 'argument' : conversion de 'double' en 'float', perte possible de données
c:\users\darkt\documents\github\jeux-d-chec\a montrer au prof\joueur.cpp(1580): warning C4244: 'argument' : conversion de 'double' en 'float', perte possible de données
c:\users\darkt\documents\github\jeux-d-chec\a montrer au prof\joueur.cpp(1591): warning C4244: 'argument' : conversion de 'double' en 'float', perte possible de données
c:\users\darkt\documents\github\jeux-d-chec\a montrer au prof\joueur.cpp(1598): warning C4244: 'argument' : conversion de 'double' en 'float', perte possible de données
c:\users\darkt\documents\github\jeux-d-chec\a montrer au prof\joueur.cpp(1609): warning C4244: 'argument' : conversion de 'double' en 'float', perte possible de données
c:\users\darkt\documents\github\jeux-d-chec\a montrer au prof\joueur.cpp(1616): warning C4244: 'argument' : conversion de 'double' en 'float', perte possible de données
c:\users\darkt\documents\github\jeux-d-chec\a montrer au prof\joueur.cpp(1627): warning C4244: 'argument' : conversion de 'double' en 'float', perte possible de données
c:\users\darkt\documents\github\jeux-d-chec\a montrer au prof\joueur.cpp(1634): warning C4244: 'argument' : conversion de 'double' en 'float', perte possible de données
c:\users\darkt\documents\github\jeux-d-chec\a montrer au prof\joueur.cpp(1645): warning C4244: 'argument' : conversion de 'double' en 'float', perte possible de données
c:\users\darkt\documents\github\jeux-d-chec\a montrer au prof\joueur.cpp(1652): warning C4244: 'argument' : conversion de 'double' en 'float', perte possible de données
c:\users\darkt\documents\github\jeux-d-chec\a montrer au prof\joueur.cpp(1663): warning C4244: 'argument' : conversion de 'double' en 'float', perte possible de données
c:\users\darkt\documents\github\jeux-d-chec\a montrer au prof\joueur.cpp(1670): warning C4244: 'argument' : conversion de 'double' en 'float', perte possible de données
c:\users\darkt\documents\github\jeux-d-chec\a montrer au prof\joueur.cpp(1677): warning C4244: 'argument' : conversion de 'double' en 'float', perte possible de données
c:\users\darkt\documents\github\jeux-d-chec\a montrer au prof\joueur.cpp(1688): warning C4244: 'argument' : conversion de 'double' en 'float', perte possible de données
c:\users\darkt\documents\github\jeux-d-chec\a montrer au prof\joueur.cpp(1695): warning C4244: 'argument' : conversion de 'double' en 'float', perte possible de données
c:\users\darkt\documents\github\jeux-d-chec\a montrer au prof\joueur.cpp(1702): warning C4244: 'argument' : conversion de 'double' en 'float', perte possible de données
c:\users\darkt\documents\github\jeux-d-chec\a montrer au prof\joueur.cpp(1713): warning C4244: 'argument' : conversion de 'double' en 'float', perte possible de données
c:\users\darkt\documents\github\jeux-d-chec\a montrer au prof\joueur.cpp(1720): warning C4244: 'argument' : conversion de 'double' en 'float', perte possible de données
c:\users\darkt\documents\github\jeux-d-chec\a montrer au prof\joueur.cpp(1727): warning C4244: 'argument' : conversion de 'double' en 'float', perte possible de données
c:\users\darkt\documents\github\jeux-d-chec\a montrer au prof\joueur.cpp(1738): warning C4244: 'argument' : conversion de 'double' en 'float', perte possible de données
c:\users\darkt\documents\github\jeux-d-chec\a montrer au prof\joueur.cpp(1745): warning C4244: 'argument' : conversion de 'double' en 'float', perte possible de données
c:\users\darkt\documents\github\jeux-d-chec\a montrer au prof\joueur.cpp(1752): warning C4244: 'argument' : conversion de 'double' en 'float', perte possible de données
c:\users\darkt\documents\github\jeux-d-chec\a montrer au prof\joueur.cpp(1763): warning C4244: 'argument' : conversion de 'double' en 'float', perte possible de données
c:\users\darkt\documents\github\jeux-d-chec\a montrer au prof\joueur.cpp(1770): warning C4244: 'argument' : conversion de 'double' en 'float', perte possible de données
c:\users\darkt\documents\github\jeux-d-chec\a montrer au prof\joueur.cpp(1777): warning C4244: 'argument' : conversion de 'double' en 'float', perte possible de données
c:\users\darkt\documents\github\jeux-d-chec\a montrer au prof\joueur.cpp(1784): warning C4244: 'argument' : conversion de 'double' en 'float', perte possible de données
c:\users\darkt\documents\github\jeux-d-chec\a montrer au prof\joueur.cpp(1848): warning C4244: '=' : conversion de 'T' en 'int', perte possible de données
          with
          [
              T=float
          ]
c:\users\darkt\documents\github\jeux-d-chec\a montrer au prof\joueur.cpp(1849): warning C4244: '=' : conversion de 'T' en 'int', perte possible de données
          with
          [
              T=float
          ]
c:\users\darkt\documents\github\jeux-d-chec\a montrer au prof\joueur.cpp(1864): warning C4244: 'initialisation' : conversion de 'T' en 'int', perte possible de données
          with
          [
              T=float
          ]
c:\users\darkt\documents\github\jeux-d-chec\a montrer au prof\joueur.cpp(1865): warning C4244: 'initialisation' : conversion de 'T' en 'int', perte possible de données
          with
          [
              T=float
          ]
c:\users\darkt\documents\github\jeux-d-chec\a montrer au prof\joueur.cpp(1876): warning C4244: 'initialisation' : conversion de 'T' en 'int', perte possible de données
          with
          [
              T=float
          ]
c:\users\darkt\documents\github\jeux-d-chec\a montrer au prof\joueur.cpp(1877): warning C4244: 'initialisation' : conversion de 'T' en 'int', perte possible de données
          with
          [
              T=float
          ]
c:\users\darkt\documents\github\jeux-d-chec\a montrer au prof\joueur.cpp(1890): warning C4244: 'initialisation' : conversion de 'T' en 'int', perte possible de données
          with
          [
              T=float
          ]
c:\users\darkt\documents\github\jeux-d-chec\a montrer au prof\joueur.cpp(1891): warning C4244: 'initialisation' : conversion de 'T' en 'int', perte possible de données
          with
          [
              T=float
          ]
c:\users\darkt\documents\github\jeux-d-chec\a montrer au prof\joueur.cpp(1907): warning C4244: 'initialisation' : conversion de 'T' en 'int', perte possible de données
          with
          [
              T=float
          ]
c:\users\darkt\documents\github\jeux-d-chec\a montrer au prof\joueur.cpp(1908): warning C4244: 'initialisation' : conversion de 'T' en 'int', perte possible de données
          with
          [
              T=float
          ]
c:\users\darkt\documents\github\jeux-d-chec\a montrer au prof\joueur.cpp(1935): warning C4244: 'initialisation' : conversion de 'T' en 'int', perte possible de données
          with
          [
              T=float
          ]
c:\users\darkt\documents\github\jeux-d-chec\a montrer au prof\joueur.cpp(1936): warning C4244: 'initialisation' : conversion de 'T' en 'int', perte possible de données
          with
          [
              T=float
          ]
c:\users\darkt\documents\github\jeux-d-chec\a montrer au prof\joueur.cpp(1949): warning C4244: 'initialisation' : conversion de 'T' en 'int', perte possible de données
          with
          [
              T=float
          ]
c:\users\darkt\documents\github\jeux-d-chec\a montrer au prof\joueur.cpp(1950): warning C4244: 'initialisation' : conversion de 'T' en 'int', perte possible de données
          with
          [
              T=float
          ]
c:\users\darkt\documents\github\jeux-d-chec\a montrer au prof\joueur.cpp(1966): warning C4244: 'initialisation' : conversion de 'T' en 'int', perte possible de données
          with
          [
              T=float
          ]
c:\users\darkt\documents\github\jeux-d-chec\a montrer au prof\joueur.cpp(1967): warning C4244: 'initialisation' : conversion de 'T' en 'int', perte possible de données
          with
          [
              T=float
          ]
c:\users\darkt\documents\github\jeux-d-chec\a montrer au prof\joueur.cpp(2051): warning C4244: '=' : conversion de 'T' en 'int', perte possible de données
          with
          [
              T=float
          ]
c:\users\darkt\documents\github\jeux-d-chec\a montrer au prof\joueur.cpp(2052): warning C4244: '=' : conversion de 'T' en 'int', perte possible de données
          with
          [
              T=float
          ]
c:\users\darkt\documents\github\jeux-d-chec\a montrer au prof\joueur.cpp(2058): error C2065: 'pion_B_D' : identificateur non déclaré
c:\users\darkt\documents\github\jeux-d-chec\a montrer au prof\joueur.cpp(2077): warning C4244: 'initialisation' : conversion de 'T' en 'int', perte possible de données
          with
          [
              T=float
          ]
c:\users\darkt\documents\github\jeux-d-chec\a montrer au prof\joueur.cpp(2078): warning C4244: 'initialisation' : conversion de 'T' en 'int', perte possible de données
          with
          [
              T=float
          ]
c:\users\darkt\documents\github\jeux-d-chec\a montrer au prof\joueur.cpp(2094): warning C4244: 'initialisation' : conversion de 'T' en 'int', perte possible de données
          with
          [
              T=float
          ]
c:\users\darkt\documents\github\jeux-d-chec\a montrer au prof\joueur.cpp(2095): warning C4244: 'initialisation' : conversion de 'T' en 'int', perte possible de données
          with
          [
              T=float
          ]
c:\users\darkt\documents\github\jeux-d-chec\a montrer au prof\joueur.cpp(2121): warning C4244: 'initialisation' : conversion de 'T' en 'int', perte possible de données
          with
          [
              T=float
          ]
c:\users\darkt\documents\github\jeux-d-chec\a montrer au prof\joueur.cpp(2122): warning C4244: 'initialisation' : conversion de 'T' en 'int', perte possible de données
          with
          [
              T=float
          ]
c:\users\darkt\documents\github\jeux-d-chec\a montrer au prof\joueur.cpp(2138): warning C4244: 'initialisation' : conversion de 'T' en 'int', perte possible de données
          with
          [
              T=float
          ]
c:\users\darkt\documents\github\jeux-d-chec\a montrer au prof\joueur.cpp(2139): warning C4244: 'initialisation' : conversion de 'T' en 'int', perte possible de données
          with
          [
              T=float
          ]
c:\users\darkt\documents\github\jeux-d-chec\a montrer au prof\joueur.cpp(2165): warning C4244: 'initialisation' : conversion de 'T' en 'int', perte possible de données
          with
          [
              T=float
          ]
c:\users\darkt\documents\github\jeux-d-chec\a montrer au prof\joueur.cpp(2166): warning C4244: 'initialisation' : conversion de 'T' en 'int', perte possible de données
          with
          [
              T=float
          ]
c:\users\darkt\documents\github\jeux-d-chec\a montrer au prof\joueur.cpp(2182): warning C4244: 'initialisation' : conversion de 'T' en 'int', perte possible de données
          with
          [
              T=float
          ]
c:\users\darkt\documents\github\jeux-d-chec\a montrer au prof\joueur.cpp(2183): warning C4244: 'initialisation' : conversion de 'T' en 'int', perte possible de données
          with
          [
              T=float
          ]
c:\users\darkt\documents\github\jeux-d-chec\a montrer au prof\joueur.cpp(2209): warning C4244: 'initialisation' : conversion de 'T' en 'int', perte possible de données
          with
          [
              T=float
          ]
c:\users\darkt\documents\github\jeux-d-chec\a montrer au prof\joueur.cpp(2210): warning C4244: 'initialisation' : conversion de 'T' en 'int', perte possible de données
          with
          [
              T=float
          ]
c:\users\darkt\documents\github\jeux-d-chec\a montrer au prof\joueur.cpp(2226): warning C4244: 'initialisation' : conversion de 'T' en 'int', perte possible de données
          with
          [
              T=float
          ]
c:\users\darkt\documents\github\jeux-d-chec\a montrer au prof\joueur.cpp(2227): warning C4244: 'initialisation' : conversion de 'T' en 'int', perte possible de données
          with
          [
              T=float
          ]
c:\users\darkt\documents\github\jeux-d-chec\a montrer au prof\joueur.cpp(2307): warning C4244: 'initialisation' : conversion de 'T' en 'int', perte possible de données
          with
          [
              T=float
          ]
c:\users\darkt\documents\github\jeux-d-chec\a montrer au prof\joueur.cpp(2308): warning C4244: 'initialisation' : conversion de 'T' en 'int', perte possible de données
          with
          [
              T=float
          ]
c:\users\darkt\documents\github\jeux-d-chec\a montrer au prof\joueur.cpp(2322): error C2065: 'pion_B_D' : identificateur non déclaré
c:\users\darkt\documents\github\jeux-d-chec\a montrer au prof\joueur.cpp(2346): error C2065: 'pion_N_D' : identificateur non déclaré
c:\users\darkt\documents\github\jeux-d-chec\a montrer au prof\joueur.cpp(2444): warning C4267: 'initialisation' : conversion de 'size_t' en 'int', perte possible de données
c:\users\darkt\documents\github\jeux-d-chec\a montrer au prof\joueur.cpp(2599): warning C4267: 'initialisation' : conversion de 'size_t' en 'int', perte possible de données
c:\users\darkt\documents\github\jeux-d-chec\a montrer au prof\joueur.cpp(2706): warning C4244: 'initialisation' : conversion de 'T' en 'int', perte possible de données
          with
          [
              T=float
          ]
c:\users\darkt\documents\github\jeux-d-chec\a montrer au prof\joueur.cpp(2707): warning C4244: 'initialisation' : conversion de 'T' en 'int', perte possible de données
          with
          [
              T=float
          ]
c:\users\darkt\documents\github\jeux-d-chec\a montrer au prof\joueur.cpp(2721): error C2065: 'pion_B_D' : identificateur non déclaré
c:\users\darkt\documents\github\jeux-d-chec\a montrer au prof\joueur.cpp(2745): error C2065: 'pion_N_D' : identificateur non déclaré
c:\users\darkt\documents\github\jeux-d-chec\a montrer au prof\joueur.cpp(2831): warning C4267: 'initialisation' : conversion de 'size_t' en 'int', perte possible de données
c:\users\darkt\documents\github\jeux-d-chec\a montrer au prof\joueur.cpp(3607): warning C4267: 'initialisation' : conversion de 'size_t' en 'int', perte possible de données
c:\users\darkt\documents\github\jeux-d-chec\a montrer au prof\joueur.cpp(3743): warning C4244: 'initialisation' : conversion de 'T' en 'int', perte possible de données
          with
          [
              T=float
          ]
c:\users\darkt\documents\github\jeux-d-chec\a montrer au prof\joueur.cpp(3744): warning C4244: 'initialisation' : conversion de 'T' en 'int', perte possible de données
          with
          [
              T=float
          ]
c:\users\darkt\documents\github\jeux-d-chec\a montrer au prof\joueur.cpp(3758): error C2065: 'pion_B_D' : identificateur non déclaré
c:\users\darkt\documents\github\jeux-d-chec\a montrer au prof\joueur.cpp(3775): error C2065: 'pion_N_D' : identificateur non déclaré
c:\users\darkt\documents\github\jeux-d-chec\a montrer au prof\joueur.cpp(3846): warning C4267: 'initialisation' : conversion de 'size_t' en 'int', perte possible de données
c:\users\darkt\documents\github\jeux-d-chec\a montrer au prof\joueur.cpp(3995): warning C4267: 'initialisation' : conversion de 'size_t' en 'int', perte possible de données
c:\users\darkt\documents\github\jeux-d-chec\a montrer au prof\joueur.cpp(4099): warning C4244: 'initialisation' : conversion de 'T' en 'int', perte possible de données
          with
          [
              T=float
          ]
c:\users\darkt\documents\github\jeux-d-chec\a montrer au prof\joueur.cpp(4100): warning C4244: 'initialisation' : conversion de 'T' en 'int', perte possible de données
          with
          [
              T=float
          ]
c:\users\darkt\documents\github\jeux-d-chec\a montrer au prof\joueur.cpp(4114): error C2065: 'pion_B_D' : identificateur non déclaré
c:\users\darkt\documents\github\jeux-d-chec\a montrer au prof\joueur.cpp(4131): error C2065: 'pion_N_D' : identificateur non déclaré
c:\users\darkt\documents\github\jeux-d-chec\a montrer au prof\joueur.cpp(4207): warning C4267: 'initialisation' : conversion de 'size_t' en 'int', perte possible de données
c:\users\darkt\documents\github\jeux-d-chec\a montrer au prof\joueur.cpp(4980): warning C4267: 'initialisation' : conversion de 'size_t' en 'int', perte possible de données
c:\users\darkt\documents\github\jeux-d-chec\a montrer au prof\joueur.cpp(5100): error C2065: 'pion_B_D' : identificateur non déclaré
c:\users\darkt\documents\github\jeux-d-chec\a montrer au prof\joueur.cpp(5108): error C2065: 'pion_N_D' : identificateur non déclaré
c:\users\darkt\documents\github\jeux-d-chec\a montrer au prof\joueur.cpp(5211): warning C4244: 'argument' : conversion de 'double' en 'float', perte possible de données
c:\users\darkt\documents\github\jeux-d-chec\a montrer au prof\joueur.cpp(5236): warning C4244: 'argument' : conversion de 'double' en 'float', perte possible de données
  main.cpp
c:\users\darkt\documents\github\jeux-d-chec\a montrer au prof\main.cpp(31): warning C4244: 'argument' : conversion de 'time_t' en 'unsigned int', perte possible de données
  menu.cpp
  Génération de code en cours...
